#
# There is insufficient memory for the Java Runtime Environment to continue.
# Native memory allocation (mmap) failed to map 507510784 bytes for G1 virtual space
# Possible reasons:
#   The system is out of physical RAM or swap space
#   The process is running with CompressedOops enabled, and the Java Heap may be blocking the growth of the native heap
# Possible solutions:
#   Reduce memory load on the system
#   Increase physical memory or swap space
#   Check if swap backing store is full
#   Decrease Java heap size (-Xmx/-Xms)
#   Decrease number of Java threads
#   Decrease Java thread stack sizes (-Xss)
#   Set larger code cache with -XX:ReservedCodeCacheSize=
#   JVM is running with Zero Based Compressed Oops mode in which the Java heap is
#     placed in the first 32GB address space. The Java Heap base address is the
#     maximum limit for the native heap growth. Please use -XX:HeapBaseMinAddress
#     to set the Java Heap base and to place the Java Heap above 32GB virtual address.
# This output file may be truncated or incomplete.
#
#  Out of Memory Error (os_windows.cpp:3771), pid=54088, tid=55068
#
# JRE version:  (17.0.7) (build )
# Java VM: OpenJDK 64-Bit Server VM (17.0.7+0-b2043.56-10550314, mixed mode, sharing, tiered, compressed oops, compressed class ptrs, g1 gc, windows-amd64)
# No core dump will be written. Minidumps are not enabled by default on client versions of Windows
#

---------------  S U M M A R Y ------------

Command Line: -Djava.awt.headless=true -Djava.util.logging.config.file=C:\Users\pasha\.android\utp\logging15071537634349292510properties -Dfile.encoding=UTF-8 -Duser.country=RU -Duser.language=ru -Duser.variant com.google.testing.platform.launcher.Launcher C:\Users\pasha\.gradle\caches\modules-2\files-2.1\com.google.testing.platform\core\0.0.8-alpha08\762b033d6dcf24e44af8ccc5428ceb3eef540e37\core-0.0.8-alpha08.jar --proto_config=C:\Users\pasha\.android\utp\runnerConfig12363014805447499528.pb --proto_server_config=C:\Users\pasha\.android\utp\serverConfig8064320176126358905.pb

Host: Intel(R) Core(TM) i5-8600 CPU @ 3.10GHz, 6 cores, 30G,  Windows 10 , 64 bit Build 19041 (10.0.19041.3636)
Time: Tue Mar 26 05:46:20 2024 RTZ 2 (s 10 , 64 bit Build 19041 (10.0.19041.3636) elapsed time: 0.008014 seconds (0d 0h 0m 0s)

---------------  T H R E A D  ---------------

Current thread (0x0000025ff7c25b00):  JavaThread "Unknown thread" [_thread_in_vm, id=55068, stack(0x000000ba88600000,0x000000ba88700000)]

Stack: [0x000000ba88600000,0x000000ba88700000]
Native frames: (J=compiled Java code, j=interpreted, Vv=VM code, C=native code)
V  [jvm.dll+0x683bfa]
V  [jvm.dll+0x8430a4]
V  [jvm.dll+0x8449be]
V  [jvm.dll+0x845023]
V  [jvm.dll+0x24ad2f]
V  [jvm.dll+0x680ac9]
V  [jvm.dll+0x67519a]
V  [jvm.dll+0x30b3cb]
V  [jvm.dll+0x312876]
V  [jvm.dll+0x36221e]
V  [jvm.dll+0x36244f]
V  [jvm.dll+0x2e14a8]
V  [jvm.dll+0x2e2414]
V  [jvm.dll+0x814391]
V  [jvm.dll+0x36ffe1]
V  [jvm.dll+0x7f396c]
V  [jvm.dll+0x3f305f]
V  [jvm.dll+0x3f4b91]
C  [jli.dll+0x528f]
C  [ucrtbase.dll+0x21bb2]
C  [KERNEL32.DLL+0x17344]
C  [ntdll.dll+0x526b1]


---------------  P R O C E S S  ---------------

Threads class SMR info:
_java_thread_list=0x00007ff80e7fd098, length=0, elements={
}

Java Threads: ( => current thread )

Other Threads:
  0x0000025ff7ccb6b0 GCTaskThread "GC Thread#0" [stack: 0x000000ba88700000,0x000000ba88800000] [id=23148]
  0x0000025ff7cdc6d0 ConcurrentGCThread "G1 Main Marker" [stack: 0x000000ba88800000,0x000000ba88900000] [id=31612]
  0x0000025ff7cdd790 ConcurrentGCThread "G1 Conc#0" [stack: 0x000000ba88900000,0x000000ba88a00000] [id=54368]

[error occurred during error reporting (printing all threads), id 0xc0000005, EXCEPTION_ACCESS_VIOLATION (0xc0000005) at pc=0x00007ff80dfb2087]

VM state: not at safepoint (not fully initialized)

VM Mutex/Monitor currently owned by a thread:  ([mutex/lock_event])
[0x0000025ff7c21950] Heap_lock - owner thread: 0x0000025ff7c25b00

Heap address: 0x000000061c800000, size: 7736 MB, Compressed Oops mode: Zero based, Oop shift amount: 3

CDS archive(s) mapped at: [0x0000000000000000-0x0000000000000000-0x0000000000000000), size 0, SharedBaseAddress: 0x0000000800000000, ArchiveRelocationMode: 0.
Narrow klass base: 0x0000000000000000, Narrow klass shift: 0, Narrow klass range: 0x0

GC Precious Log:
<Empty>

Heap:
 garbage-first heap   total 0K, used 0K [0x000000061c800000, 0x0000000800000000)
  region size 4096K, 0 young (0K), 0 survivors (0K)
 Metaspace       used 0K, committed 0K, reserved 0K
  class space    used 0K, committed 0K, reserved 0K

Heap Regions: E=young(eden), S=young(survivor), O=old, HS=humongous(starts), HC=humongous(continues), CS=collection set, F=free, OA=open archive, CA=closed archive, TAMS=top-at-mark-start (previous, next)

Card table byte_map: [0x0000025ffc130000,0x0000025ffd050000] _byte_map_base: 0x0000025ff904c000

Marking Bits (Prev, Next): (CMBitMap*) 0x0000025ff7cccbe0, (CMBitMap*) 0x0000025ff7cccc20
 Prev Bits: [0x0000025f8f000000, 0x0000025f968e0000)
 Next Bits: [0x0000025f968e0000, 0x0000025f9e1c0000)

GC Heap History (0 events):
No events

Dll operation events (1 events):
Event: 0.005 Loaded shared library C:\Program Files\Android\Android Studio2\jbr\bin\java.dll

Deoptimization events (0 events):
No events

Classes unloaded (0 events):
No events

Classes redefined (0 events):
No events

Internal exceptions (0 events):
No events

VM Operations (0 events):
No events

Events (0 events):
No events


Dynamic libraries:
0x00007ff7c1f40000 - 0x00007ff7c1f4a000 	C:\Program Files\Android\Android Studio2\jbr\bin\java.exe
0x00007ff85cf50000 - 0x00007ff85d148000 	C:\WINDOWS\SYSTEM32\ntdll.dll
0x00007ff85c510000 - 0x00007ff85c5cd000 	C:\WINDOWS\System32\KERNEL32.DLL
0x00007ff85aa60000 - 0x00007ff85ad56000 	C:\WINDOWS\System32\KERNELBASE.dll
0x00007ff85a600000 - 0x00007ff85a700000 	C:\WINDOWS\System32\ucrtbase.dll
0x00007ff856200000 - 0x00007ff85621b000 	C:\Program Files\Android\Android Studio2\jbr\bin\VCRUNTIME140.dll
0x00007ff812660000 - 0x00007ff812677000 	C:\Program Files\Android\Android Studio2\jbr\bin\jli.dll
0x00007ff85b4a0000 - 0x00007ff85b63e000 	C:\WINDOWS\System32\USER32.dll
0x00007ff85aec0000 - 0x00007ff85aee2000 	C:\WINDOWS\System32\win32u.dll
0x00007ff85b8f0000 - 0x00007ff85b91b000 	C:\WINDOWS\System32\GDI32.dll
0x00007ff845aa0000 - 0x00007ff845d3a000 	C:\WINDOWS\WinSxS\amd64_microsoft.windows.common-controls_6595b64144ccf1df_6.0.19041.3636_none_60b6a03d71f818d5\COMCTL32.dll
0x00007ff85a870000 - 0x00007ff85a987000 	C:\WINDOWS\System32\gdi32full.dll
0x00007ff85c470000 - 0x00007ff85c50e000 	C:\WINDOWS\System32\msvcrt.dll
0x00007ff85a9c0000 - 0x00007ff85aa5d000 	C:\WINDOWS\System32\msvcp_win.dll
0x00007ff85ccc0000 - 0x00007ff85ccf2000 	C:\WINDOWS\System32\IMM32.DLL
0x00007ff8561e0000 - 0x00007ff8561ec000 	C:\Program Files\Android\Android Studio2\jbr\bin\vcruntime140_1.dll
0x00007ff855210000 - 0x00007ff85529d000 	C:\Program Files\Android\Android Studio2\jbr\bin\msvcp140.dll
0x00007ff80dcc0000 - 0x00007ff80e940000 	C:\Program Files\Android\Android Studio2\jbr\bin\server\jvm.dll
0x00007ff85b7e0000 - 0x00007ff85b890000 	C:\WINDOWS\System32\ADVAPI32.dll
0x00007ff85bba0000 - 0x00007ff85bc40000 	C:\WINDOWS\System32\sechost.dll
0x00007ff85b640000 - 0x00007ff85b765000 	C:\WINDOWS\System32\RPCRT4.dll
0x00007ff85a990000 - 0x00007ff85a9b7000 	C:\WINDOWS\System32\bcrypt.dll
0x00007ff83fb90000 - 0x00007ff83fb99000 	C:\WINDOWS\SYSTEM32\WSOCK32.dll
0x00007ff85b770000 - 0x00007ff85b7db000 	C:\WINDOWS\System32\WS2_32.dll
0x00007ff84a7a0000 - 0x00007ff84a7c7000 	C:\WINDOWS\SYSTEM32\WINMM.dll
0x00007ff854450000 - 0x00007ff85445a000 	C:\WINDOWS\SYSTEM32\VERSION.dll
0x00007ff8584b0000 - 0x00007ff8584c2000 	C:\WINDOWS\SYSTEM32\kernel.appcore.dll
0x00007ff848fd0000 - 0x00007ff848fda000 	C:\Program Files\Android\Android Studio2\jbr\bin\jimage.dll
0x00007ff8468e0000 - 0x00007ff846ac4000 	C:\WINDOWS\SYSTEM32\DBGHELP.DLL
0x00007ff836d50000 - 0x00007ff836d84000 	C:\WINDOWS\SYSTEM32\dbgcore.DLL
0x00007ff85aef0000 - 0x00007ff85af72000 	C:\WINDOWS\System32\bcryptPrimitives.dll
0x00007ff812680000 - 0x00007ff8126a5000 	C:\Program Files\Android\Android Studio2\jbr\bin\java.dll

dbghelp: loaded successfully - version: 4.0.5 - missing functions: none
symbol engine: initialized successfully - sym options: 0x614 - pdb path: .;C:\Program Files\Android\Android Studio2\jbr\bin;C:\WINDOWS\SYSTEM32;C:\WINDOWS\WinSxS\amd64_microsoft.windows.common-controls_6595b64144ccf1df_6.0.19041.3636_none_60b6a03d71f818d5;C:\Program Files\Android\Android Studio2\jbr\bin\server

VM Arguments:
jvm_args: -Djava.awt.headless=true -Djava.util.logging.config.file=C:\Users\pasha\.android\utp\logging15071537634349292510properties -Dfile.encoding=UTF-8 -Duser.country=RU -Duser.language=ru -Duser.variant 
java_command: com.google.testing.platform.launcher.Launcher C:\Users\pasha\.gradle\caches\modules-2\files-2.1\com.google.testing.platform\core\0.0.8-alpha08\762b033d6dcf24e44af8ccc5428ceb3eef540e37\core-0.0.8-alpha08.jar --proto_config=C:\Users\pasha\.android\utp\runnerConfig12363014805447499528.pb --proto_server_config=C:\Users\pasha\.android\utp\serverConfig8064320176126358905.pb
java_class_path (initial): C:\Users\pasha\.gradle\caches\modules-2\files-2.1\com.google.testing.platform\launcher\0.0.8-alpha08\de8664b74f9b70fea224c610fd41b802805c72ab\launcher-0.0.8-alpha08.jar
Launcher Type: SUN_STANDARD

[Global flags]
     intx CICompilerCount                          = 3                                         {product} {ergonomic}
     uint ConcGCThreads                            = 2                                         {product} {ergonomic}
     uint G1ConcRefinementThreads                  = 6                                         {product} {ergonomic}
   size_t G1HeapRegionSize                         = 4194304                                   {product} {ergonomic}
    uintx GCDrainStackTargetSize                   = 64                                        {product} {ergonomic}
   size_t InitialHeapSize                          = 507510784                                 {product} {ergonomic}
   size_t MarkStackSize                            = 4194304                                   {product} {ergonomic}
   size_t MaxHeapSize                              = 8111783936                                {product} {ergonomic}
   size_t MinHeapDeltaBytes                        = 4194304                                   {product} {ergonomic}
   size_t MinHeapSize                              = 8388608                                   {product} {ergonomic}
    uintx NonNMethodCodeHeapSize                   = 5832780                                {pd product} {ergonomic}
    uintx NonProfiledCodeHeapSize                  = 122912730                              {pd product} {ergonomic}
    uintx ProfiledCodeHeapSize                     = 122912730                              {pd product} {ergonomic}
    uintx ReservedCodeCacheSize                    = 251658240                              {pd product} {ergonomic}
     bool SegmentedCodeCache                       = true                                      {product} {ergonomic}
   size_t SoftMaxHeapSize                          = 8111783936                             {manageable} {ergonomic}
     bool UseCompressedClassPointers               = true                           {product lp64_product} {ergonomic}
     bool UseCompressedOops                        = true                           {product lp64_product} {ergonomic}
     bool UseG1GC                                  = true                                      {product} {ergonomic}
     bool UseLargePagesIndividualAllocation        = false                                  {pd product} {ergonomic}

Logging:
Log output configuration:
 #0: stdout all=warning uptime,level,tags
 #1: stderr all=off uptime,level,tags

Environment Variables:
PATH=C:\Program Files\Common Files\Oracle\Java\javapath;C:\Program Files (x86)\Common Files\Oracle\Java\javapath;C:\Program Files (x86)\Razer Chroma SDK\bin;C:\Program Files\Razer Chroma SDK\bin;C:\Program Files (x86)\Razer\ChromaBroadcast\bin;C:\Program Files\Razer\ChromaBroadcast\bin;C:\WINDOWS\system32;C:\WINDOWS;C:\WINDOWS\System32\Wbem;C:\WINDOWS\System32\WindowsPowerShell\v1.0\;C:\WINDOWS\System32\OpenSSH\;C:\Users\pasha\AppData\Local\Microsoft\WindowsApps;C:\Program Files\NVIDIA Corporation\NVIDIA NvDLISR;C:\Program Files (x86)\NVIDIA Corporation\PhysX\Common;C:\WINDOWS\system32;C:\WINDOWS;C:\WINDOWS\System32\Wbem;C:\WINDOWS\System32\WindowsPowerShell\v1.0\;C:\WINDOWS\System32\OpenSSH\;C:\Program Files\Git\cmd;C:\Users\pasha\.gradle\wrapper\dists\gradle-7.3.3\bin;C:\Users\pasha\AppData\Local\Programs\Python\Python39\Scripts\;C:\Program Files\PuTTY\;C:\Users\pasha\.gradle\wrapper\dists\gradle-7.3.3\bin;C:\Users\pasha\AppData\Local\Microsoft\WindowsApps;C:\Users\pasha\AppData\Local\Programs\Microsoft VS Code\bin;C:\Users\pasha\AppData\Local\GitHubDesktop\bin;C:\Program Files\JetBrains\IntelliJ IDEA 2023.3.3\bin;;C:\Program Files\heroku\bin;C:\Users\pasha\AppData\Local\Programs\Python\Python310\python.exe;
USERNAME=pasha
OS=Windows_NT
PROCESSOR_IDENTIFIER=Intel64 Family 6 Model 158 Stepping 10, GenuineIntel
TMP=C:\Users\pasha\AppData\Local\Temp
TEMP=C:\Users\pasha\AppData\Local\Temp


JNI global refs:
JNI global refs: 0, weak refs: 0

JNI global refs memory usage: 0, weak refs: 0

OOME stack traces (most recent first):
Classloader memory used:


---------------  S Y S T E M  ---------------

OS:
 Windows 10 , 64 bit Build 19041 (10.0.19041.3636)
OS uptime: 2 days 19:26 hours
Hyper-V role detected

CPU: total 6 (initial active 6) (6 cores per cpu, 1 threads per core) family 6 model 158 stepping 10 microcode 0xd6, cx8, cmov, fxsr, mmx, 3dnowpref, sse, sse2, sse3, ssse3, sse4.1, sse4.2, popcnt, lzcnt, tsc, tscinvbit, avx, avx2, aes, erms, clmul, bmi1, bmi2, rtm, adx, fma, vzeroupper, clflush, clflushopt, hv

Memory: 4k page, system-wide physical 30941M (7309M free)
TotalPageFile size 36061M (AvailPageFile size 138M)
current process WorkingSet (physical memory assigned to process): 10M, peak: 10M
current process commit charge ("private bytes"): 56M, peak: 540M

vm_info: OpenJDK 64-Bit Server VM (17.0.7+0-b2043.56-10550314) for windows-amd64 JRE (17.0.7+0-b2043.56-10550314), built on Jul 24 2023 18:27:45 by "androidbuild" with MS VC++ 16.10 / 16.11 (VS2019)

END.
